c:\users\yair\source\repos\mfcapplication1\mfcapplication1\debug\mfcapplication1.pch
c:\users\yair\source\repos\mfcapplication1\mfcapplication1\debug\vc141.pdb
c:\users\yair\source\repos\mfcapplication1\mfcapplication1\debug\vc141.idb
c:\users\yair\source\repos\mfcapplication1\mfcapplication1\debug\pch.obj
c:\users\yair\source\repos\mfcapplication1\mfcapplication1\debug\player.obj
c:\users\yair\source\repos\mfcapplication1\mfcapplication1\debug\mfcapplication1.obj
c:\users\yair\source\repos\mfcapplication1\mfcapplication1\debug\house.obj
c:\users\yair\source\repos\mfcapplication1\mfcapplication1\debug\hand.obj
c:\users\yair\source\repos\mfcapplication1\mfcapplication1\debug\genericplayer.obj
c:\users\yair\source\repos\mfcapplication1\mfcapplication1\debug\game.obj
c:\users\yair\source\repos\mfcapplication1\mfcapplication1\debug\deck.obj
c:\users\yair\source\repos\mfcapplication1\mfcapplication1\debug\card.obj
c:\users\yair\source\repos\mfcapplication1\mfcapplication1\debug\mfcapplication1dlg.obj
c:\users\yair\source\repos\mfcapplication1\debug\mfcapplication1.exe
c:\users\yair\source\repos\mfcapplication1\debug\mfcapplication1.ilk
c:\users\yair\source\repos\mfcapplication1\debug\mfcapplication1.pdb
c:\users\yair\source\repos\mfcapplication1\mfcapplication1\debug\mfcapplication1.res
c:\users\yair\source\repos\mfcapplication1\mfcapplication1\debug\mfcapplication1.tlog\cl.command.1.tlog
c:\users\yair\source\repos\mfcapplication1\mfcapplication1\debug\mfcapplication1.tlog\cl.read.1.tlog
c:\users\yair\source\repos\mfcapplication1\mfcapplication1\debug\mfcapplication1.tlog\cl.write.1.tlog
c:\users\yair\source\repos\mfcapplication1\mfcapplication1\debug\mfcapplication1.tlog\link.command.1.tlog
c:\users\yair\source\repos\mfcapplication1\mfcapplication1\debug\mfcapplication1.tlog\link.read.1.tlog
c:\users\yair\source\repos\mfcapplication1\mfcapplication1\debug\mfcapplication1.tlog\link.write.1.tlog
c:\users\yair\source\repos\mfcapplication1\mfcapplication1\debug\mfcapplication1.tlog\rc.command.1.tlog
c:\users\yair\source\repos\mfcapplication1\mfcapplication1\debug\mfcapplication1.tlog\rc.read.1.tlog
c:\users\yair\source\repos\mfcapplication1\mfcapplication1\debug\mfcapplication1.tlog\rc.write.1.tlog
